Final Result = 37.0/50
Penalty = 20%
Final Mark = 29.6
Test 1-1: Test creating different types of devices
SUCCESS DONE

Test 1-2: Test removing different types of devices
SUCCESS DONE

Test 1-3: Test creating different types of satellites
SUCCESS DONE

Test 1-4: Test removing different types of satellites
SUCCESS DONE

Test 1-5: Test adding a file to a device
SUCCESS DONE

Test 1-6: Testing retrieving device information
SUCCESS DONE

Test 1-7: Testing retrieving satellite information
SUCCESS DONE

Test 2-1: Test simulation with a standard satellite
SUCCESS DONE

Test 2-3: Test wrapping behaviour around 360 and 0 degrees with standard satellite
Task2MarkingTests > Test wrapping behaviour around 360 and 0 degrees with standard satellite FAILED org.opentest4j.AssertionFailedError: expected: <true> but was: <false> at app//org.junit.jupiter.api.AssertionUtils.fail(AssertionUtils.java:55) at app//org.junit.jupiter.api.AssertTrue.assertTrue(AssertTrue.java:40) at app//org.junit.jupiter.api.AssertTrue.assertTrue(AssertTrue.java:35) at app//org.junit.jupiter.api.Assertions.assertTrue(Assertions.java:179) at app//blackout.TestHelpers.assertEqualsMargin(TestHelpers.java:23) at app//blackout.Task2MarkingTests.wrappingAround0(Task2MarkingTests.java:64) FAILURE DONE 1 test completed, 1 failed FAILURE: Build failed with an exception. README.md blog.md build build.gradle checkstyle.xml design.pdf designuml.drawio gradle gradlew gradlew.bat src What went wrong: Execution failed for task ':test'. > There were failing tests. See the report at: file:///home/carl/tutoring/23T1/automarking/assignment-i-automarking/students/z5334913/build/reports/tests/test/index.html README.md blog.md build build.gradle checkstyle.xml design.pdf designuml.drawio gradle gradlew gradlew.bat src Try: Run with --stacktrace option to get the stack trace. Run with --info or --debug option to get more log output. Run with --scan to get full insights. README.md blog.md build build.gradle checkstyle.xml design.pdf designuml.drawio gradle gradlew gradlew.bat src Get more help at https://help.gradle.org BUILD FAILED in 1s

Test 2-4: Test wrapping behaviour around 360 and 0 degrees with teleporting satellite
Task2MarkingTests > Test wrapping behaviour around 360 and 0 degrees with teleporting satellite FAILED org.opentest4j.AssertionFailedError: expected: <true> but was: <false> at app//org.junit.jupiter.api.AssertionUtils.fail(AssertionUtils.java:55) at app//org.junit.jupiter.api.AssertTrue.assertTrue(AssertTrue.java:40) at app//org.junit.jupiter.api.AssertTrue.assertTrue(AssertTrue.java:35) at app//org.junit.jupiter.api.Assertions.assertTrue(Assertions.java:179) at app//blackout.TestHelpers.assertEqualsMargin(TestHelpers.java:23) at app//blackout.Task2MarkingTests.wrappingAround360(Task2MarkingTests.java:81) FAILURE DONE 1 test completed, 1 failed FAILURE: Build failed with an exception. README.md blog.md build build.gradle checkstyle.xml design.pdf designuml.drawio gradle gradlew gradlew.bat src What went wrong: Execution failed for task ':test'. > There were failing tests. See the report at: file:///home/carl/tutoring/23T1/automarking/assignment-i-automarking/students/z5334913/build/reports/tests/test/index.html README.md blog.md build build.gradle checkstyle.xml design.pdf designuml.drawio gradle gradlew gradlew.bat src Try: Run with --stacktrace option to get the stack trace. Run with --info or --debug option to get more log output. Run with --scan to get full insights. README.md blog.md build build.gradle checkstyle.xml design.pdf designuml.drawio gradle gradlew gradlew.bat src Get more help at https://help.gradle.org BUILD FAILED in 1s

Test 2-5: Test movement of relay satellites
SUCCESS DONE

Test 2-6: Test relay satellites choose the shortest path to get into the [140-190] region
SUCCESS DONE

Test 2-7: Test communicable entities in range for different types of devices and satellites
SUCCESS DONE

Test 2-8: Testing a file can be created and sent
SUCCESS DONE

Test 2-9: Testing simple file transfer from device to satellite
SUCCESS DONE

Test 2-10: Testing simple file transfer from satellite to device
SUCCESS DONE

Test 2-11: Test multiple files transferring simultaneously
SUCCESS DONE

Test 2-12: Test teleporting satellite transmitting to devices - splitting bandwidth
Task2MarkingTests > Test teleporting satellite transmitting to devices - splitting bandwidth FAILED org.opentest4j.AssertionFailedError: expected: <FileInfoResponse [data=Comp2511 is a c, fileSize=42, filename=FileAlpha, isFileComplete=false]> but was: <null> at app//org.junit.jupiter.api.AssertionUtils.fail(AssertionUtils.java:55) at app//org.junit.jupiter.api.AssertionUtils.failNotEqual(AssertionUtils.java:62) at app//org.junit.jupiter.api.AssertEquals.assertEquals(AssertEquals.java:182) at app//org.junit.jupiter.api.AssertEquals.assertEquals(AssertEquals.java:177) at app//org.junit.jupiter.api.Assertions.assertEquals(Assertions.java:1141) at app//blackout.Task2MarkingTests.splitBandwidth(Task2MarkingTests.java:373) FAILURE DONE 1 test completed, 1 failed FAILURE: Build failed with an exception. README.md blog.md build build.gradle checkstyle.xml design.pdf designuml.drawio gradle gradlew gradlew.bat src What went wrong: Execution failed for task ':test'. > There were failing tests. See the report at: file:///home/carl/tutoring/23T1/automarking/assignment-i-automarking/students/z5334913/build/reports/tests/test/index.html README.md blog.md build build.gradle checkstyle.xml design.pdf designuml.drawio gradle gradlew gradlew.bat src Try: Run with --stacktrace option to get the stack trace. Run with --info or --debug option to get more log output. Run with --scan to get full insights. README.md blog.md build build.gradle checkstyle.xml design.pdf designuml.drawio gradle gradlew gradlew.bat src Get more help at https://help.gradle.org BUILD FAILED in 1s

Test 2-13: Test teleporting satellite transmitting to standard - bandwidth bottlenecked on standard
Task2MarkingTests > Test teleporting satellite transmitting to standard - bandwidth bottlenecked on standard FAILED org.opentest4j.AssertionFailedError: expected: <FileInfoResponse [data=hello world, fileSize=11, filename=FileAlpha, isFileComplete=true]> but was: <null> at app//org.junit.jupiter.api.AssertionUtils.fail(AssertionUtils.java:55) at app//org.junit.jupiter.api.AssertionUtils.failNotEqual(AssertionUtils.java:62) at app//org.junit.jupiter.api.AssertEquals.assertEquals(AssertEquals.java:182) at app//org.junit.jupiter.api.AssertEquals.assertEquals(AssertEquals.java:177) at app//org.junit.jupiter.api.Assertions.assertEquals(Assertions.java:1141) at app//blackout.Task2MarkingTests.bottleNeckStandard(Task2MarkingTests.java:416) FAILURE DONE 1 test completed, 1 failed FAILURE: Build failed with an exception. README.md blog.md build build.gradle checkstyle.xml design.pdf designuml.drawio gradle gradlew gradlew.bat src What went wrong: Execution failed for task ':test'. > There were failing tests. See the report at: file:///home/carl/tutoring/23T1/automarking/assignment-i-automarking/students/z5334913/build/reports/tests/test/index.html README.md blog.md build build.gradle checkstyle.xml design.pdf designuml.drawio gradle gradlew gradlew.bat src Try: Run with --stacktrace option to get the stack trace. Run with --info or --debug option to get more log output. Run with --scan to get full insights. README.md blog.md build build.gradle checkstyle.xml design.pdf designuml.drawio gradle gradlew gradlew.bat src Get more help at https://help.gradle.org BUILD FAILED in 1s

Test 2-14: Test teleporting satellite movement and teleportation behaviour
SUCCESS DONE

Test 2-15: Testing a device sending a file to a teleporting satellite which teleports mid-transfer
SUCCESS DONE

Test 2-16a: Testing file transfer from teleporting satelllite to device
SUCCESS DONE

Test 2-16b: Testing file transfer from teleporting satellite to satellite
SUCCESS DONE

Test 2-16c: Testing file transfer from standard satellite to teleporting
Task2MarkingTests > Testing file transfer from standard satellite to teleporting FAILED org.opentest4j.AssertionFailedError: expected: <FileInfoResponse [data=bytesfile, fileSize=9, filename=File1, isFileComplete=true]> but was: <null> at app//org.junit.jupiter.api.AssertionUtils.fail(AssertionUtils.java:55) at app//org.junit.jupiter.api.AssertionUtils.failNotEqual(AssertionUtils.java:62) at app//org.junit.jupiter.api.AssertEquals.assertEquals(AssertEquals.java:182) at app//org.junit.jupiter.api.AssertEquals.assertEquals(AssertEquals.java:177) at app//org.junit.jupiter.api.Assertions.assertEquals(Assertions.java:1141) at app//blackout.Task2MarkingTests.testSatelliteToTeleporting(Task2MarkingTests.java:595) FAILURE DONE 1 test completed, 1 failed FAILURE: Build failed with an exception. README.md blog.md build build.gradle checkstyle.xml design.pdf designuml.drawio gradle gradlew gradlew.bat src What went wrong: Execution failed for task ':test'. > There were failing tests. See the report at: file:///home/carl/tutoring/23T1/automarking/assignment-i-automarking/students/z5334913/build/reports/tests/test/index.html README.md blog.md build build.gradle checkstyle.xml design.pdf designuml.drawio gradle gradlew gradlew.bat src Try: Run with --stacktrace option to get the stack trace. Run with --info or --debug option to get more log output. Run with --scan to get full insights. README.md blog.md build build.gradle checkstyle.xml design.pdf designuml.drawio gradle gradlew gradlew.bat src Get more help at https://help.gradle.org BUILD FAILED in 1s

Test 2-17: Test file-sending behaviour of a teleporting satellite after teleportation is as normal
SUCCESS DONE

Test 2-18: Test entities in range with relay satellites - no movement
SUCCESS DONE

Test 2-19: Test a simple case with recursive relay satellites
SUCCESS DONE

Test 2-20: Test a successful relay file transfer
SUCCESS DONE

Test 2-21: Test sending a file from device to a satellite - satellite moves out of range
SUCCESS DONE

Test 2-22: Test sending a file from a satellite to a device - satellite moves out of range
SUCCESS DONE

Test 2-23: Test file not found exception
SUCCESS DONE

Test 2-24: Test file already exists exception
SUCCESS DONE

Test 2-25: Test no bandwidth exception
SUCCESS DONE

Test 2-26: Test max out storage space on satellite
SUCCESS DONE

Test 3-1: Testing a moving device moving in a circle
Task3MarkingTests > Testing a moving device moving in a circle FAILED org.opentest4j.AssertionFailedError: expected: <EntityInfoResponse [files={}, height=69911.0, id=Device1, positionRadians=0.05724679946541401, positionDegrees=3.28, type=DesktopDevice]> but was: <EntityInfoResponse [files={}, height=69911.0, id=Device1, positionRadians=0.0, positionDegrees=0.0, type=DesktopDevice]> at app//org.junit.jupiter.api.AssertionUtils.fail(AssertionUtils.java:55) at app//org.junit.jupiter.api.AssertionUtils.failNotEqual(AssertionUtils.java:62) at app//org.junit.jupiter.api.AssertEquals.assertEquals(AssertEquals.java:182) at app//org.junit.jupiter.api.AssertEquals.assertEquals(AssertEquals.java:177) at app//org.junit.jupiter.api.Assertions.assertEquals(Assertions.java:1141) at app//blackout.Task3MarkingTests.testMovingDevicesBasicMovement(Task3MarkingTests.java:36) FAILURE DONE 1 test completed, 1 failed FAILURE: Build failed with an exception. README.md blog.md build build.gradle checkstyle.xml design.pdf designuml.drawio gradle gradlew gradlew.bat src What went wrong: Execution failed for task ':test'. > There were failing tests. See the report at: file:///home/carl/tutoring/23T1/automarking/assignment-i-automarking/students/z5334913/build/reports/tests/test/index.html README.md blog.md build build.gradle checkstyle.xml design.pdf designuml.drawio gradle gradlew gradlew.bat src Try: Run with --stacktrace option to get the stack trace. Run with --info or --debug option to get more log output. Run with --scan to get full insights. README.md blog.md build build.gradle checkstyle.xml design.pdf designuml.drawio gradle gradlew gradlew.bat src Get more help at https://help.gradle.org BUILD FAILED in 1s

Test 3-2: Testing moving devices can still send or receive files
SUCCESS DONE

Test 3-3: Test creating different types of moving devices
Task3MarkingTests > Test creating different types of moving devices FAILED org.opentest4j.AssertionFailedError: expected: <EntityInfoResponse [files={}, height=69911.0, id=Device1, positionRadians=0.05724679946541401, positionDegrees=3.28, type=DesktopDevice]> but was: <EntityInfoResponse [files={}, height=69911.0, id=Device1, positionRadians=0.0, positionDegrees=0.0, type=DesktopDevice]> at app//org.junit.jupiter.api.AssertionUtils.fail(AssertionUtils.java:55) at app//org.junit.jupiter.api.AssertionUtils.failNotEqual(AssertionUtils.java:62) at app//org.junit.jupiter.api.AssertEquals.assertEquals(AssertEquals.java:182) at app//org.junit.jupiter.api.AssertEquals.assertEquals(AssertEquals.java:177) at app//org.junit.jupiter.api.Assertions.assertEquals(Assertions.java:1141) at app//blackout.Task3MarkingTests.testMovingDevicesBasicMovement2(Task3MarkingTests.java:88) FAILURE DONE 1 test completed, 1 failed FAILURE: Build failed with an exception. README.md blog.md build build.gradle checkstyle.xml design.pdf designuml.drawio gradle gradlew gradlew.bat src What went wrong: Execution failed for task ':test'. > There were failing tests. See the report at: file:///home/carl/tutoring/23T1/automarking/assignment-i-automarking/students/z5334913/build/reports/tests/test/index.html README.md blog.md build build.gradle checkstyle.xml design.pdf designuml.drawio gradle gradlew gradlew.bat src Try: Run with --stacktrace option to get the stack trace. Run with --info or --debug option to get more log output. Run with --scan to get full insights. README.md blog.md build build.gradle checkstyle.xml design.pdf designuml.drawio gradle gradlew gradlew.bat src Get more help at https://help.gradle.org BUILD FAILED in 1s

Test 3-4: Testing moving device behaviour on one slope and back to default slope
Task3MarkingTests > Testing moving device behaviour on one slope and back to default slope FAILED org.opentest4j.AssertionFailedError: expected: <0.0> but was: <20.0> at app//org.junit.jupiter.api.AssertionUtils.fail(AssertionUtils.java:55) at app//org.junit.jupiter.api.AssertionUtils.failNotEqual(AssertionUtils.java:62) at app//org.junit.jupiter.api.AssertEquals.assertEquals(AssertEquals.java:86) at app//org.junit.jupiter.api.AssertEquals.assertEquals(AssertEquals.java:81) at app//org.junit.jupiter.api.Assertions.assertEquals(Assertions.java:1010) at app//blackout.Task3MarkingTests.testMovingDeviceOnOneSlope(Task3MarkingTests.java:115) FAILURE DONE 1 test completed, 1 failed FAILURE: Build failed with an exception. README.md blog.md build build.gradle checkstyle.xml design.pdf designuml.drawio gradle gradlew gradlew.bat src What went wrong: Execution failed for task ':test'. > There were failing tests. See the report at: file:///home/carl/tutoring/23T1/automarking/assignment-i-automarking/students/z5334913/build/reports/tests/test/index.html README.md blog.md build build.gradle checkstyle.xml design.pdf designuml.drawio gradle gradlew gradlew.bat src Try: Run with --stacktrace option to get the stack trace. Run with --info or --debug option to get more log output. Run with --scan to get full insights. README.md blog.md build build.gradle checkstyle.xml design.pdf designuml.drawio gradle gradlew gradlew.bat src Get more help at https://help.gradle.org BUILD FAILED in 1s

Test 3-5: Test moving device behaviour on multiple slopes - example from the spec
Task3MarkingTests > Test moving device behaviour on multiple slopes - example from the spec FAILED org.opentest4j.AssertionFailedError: expected: <0.0> but was: <10.0> at app//org.junit.jupiter.api.AssertionUtils.fail(AssertionUtils.java:55) at app//org.junit.jupiter.api.AssertionUtils.failNotEqual(AssertionUtils.java:62) at app//org.junit.jupiter.api.AssertEquals.assertEquals(AssertEquals.java:86) at app//org.junit.jupiter.api.AssertEquals.assertEquals(AssertEquals.java:81) at app//org.junit.jupiter.api.Assertions.assertEquals(Assertions.java:1010) at app//blackout.Task3MarkingTests.testMovingDeviceOnMultipleSlopes(Task3MarkingTests.java:134) FAILURE DONE 1 test completed, 1 failed FAILURE: Build failed with an exception. README.md blog.md build build.gradle checkstyle.xml design.pdf designuml.drawio gradle gradlew gradlew.bat src What went wrong: Execution failed for task ':test'. > There were failing tests. See the report at: file:///home/carl/tutoring/23T1/automarking/assignment-i-automarking/students/z5334913/build/reports/tests/test/index.html README.md blog.md build build.gradle checkstyle.xml design.pdf designuml.drawio gradle gradlew gradlew.bat src Try: Run with --stacktrace option to get the stack trace. Run with --info or --debug option to get more log output. Run with --scan to get full insights. README.md blog.md build build.gradle checkstyle.xml design.pdf designuml.drawio gradle gradlew gradlew.bat src Get more help at https://help.gradle.org BUILD FAILED in 1s

Test 3-6: Test moving devices have consistent behaviour on slopes after circumnavigating the planet
Task3MarkingTests > Test moving devices have consistent behaviour on slopes after circumnavigating the planet FAILED org.opentest4j.AssertionFailedError: expected: <0.0> but was: <10.0> at app//org.junit.jupiter.api.AssertionUtils.fail(AssertionUtils.java:55) at app//org.junit.jupiter.api.AssertionUtils.failNotEqual(AssertionUtils.java:62) at app//org.junit.jupiter.api.AssertEquals.assertEquals(AssertEquals.java:86) at app//org.junit.jupiter.api.AssertEquals.assertEquals(AssertEquals.java:81) at app//org.junit.jupiter.api.Assertions.assertEquals(Assertions.java:1010) at app//blackout.Task3MarkingTests.testMovingDeviceAroundTheWorld(Task3MarkingTests.java:160) FAILURE DONE 1 test completed, 1 failed FAILURE: Build failed with an exception. README.md blog.md build build.gradle checkstyle.xml design.pdf designuml.drawio gradle gradlew gradlew.bat src What went wrong: Execution failed for task ':test'. > There were failing tests. See the report at: file:///home/carl/tutoring/23T1/automarking/assignment-i-automarking/students/z5334913/build/reports/tests/test/index.html README.md blog.md build build.gradle checkstyle.xml design.pdf designuml.drawio gradle gradlew gradlew.bat src Try: Run with --stacktrace option to get the stack trace. Run with --info or --debug option to get more log output. Run with --scan to get full insights. README.md blog.md build build.gradle checkstyle.xml design.pdf designuml.drawio gradle gradlew gradlew.bat src Get more help at https://help.gradle.org BUILD FAILED in 1s

Test 3-7: Test moving devices on multiple slopes with jumping on slopes
Task3MarkingTests > Test moving devices on multiple slopes with jumping on slopes FAILED org.opentest4j.AssertionFailedError: expected: <0.0> but was: <5.0> at app//org.junit.jupiter.api.AssertionUtils.fail(AssertionUtils.java:55) at app//org.junit.jupiter.api.AssertionUtils.failNotEqual(AssertionUtils.java:62) at app//org.junit.jupiter.api.AssertEquals.assertEquals(AssertEquals.java:86) at app//org.junit.jupiter.api.AssertEquals.assertEquals(AssertEquals.java:81) at app//org.junit.jupiter.api.Assertions.assertEquals(Assertions.java:1010) at app//blackout.Task3MarkingTests.testMovingDeviceMultipleSlopes(Task3MarkingTests.java:184) FAILURE DONE 1 test completed, 1 failed FAILURE: Build failed with an exception. README.md blog.md build build.gradle checkstyle.xml design.pdf designuml.drawio gradle gradlew gradlew.bat src What went wrong: Execution failed for task ':test'. > There were failing tests. See the report at: file:///home/carl/tutoring/23T1/automarking/assignment-i-automarking/students/z5334913/build/reports/tests/test/index.html README.md blog.md build build.gradle checkstyle.xml design.pdf designuml.drawio gradle gradlew gradlew.bat src Try: Run with --stacktrace option to get the stack trace. Run with --info or --debug option to get more log output. Run with --scan to get full insights. README.md blog.md build build.gradle checkstyle.xml design.pdf designuml.drawio gradle gradlew gradlew.bat src Get more help at https://help.gradle.org BUILD FAILED in 1s

Test 3-8: Test departing Jupiter with postive gradient and land on Jupiter with two negative slopes
Task3MarkingTests > Test departing Jupiter with postive gradient and land on Jupiter with two negative slopes FAILED org.opentest4j.AssertionFailedError: expected: <0.0> but was: <14.0> at app//org.junit.jupiter.api.AssertionUtils.fail(AssertionUtils.java:55) at app//org.junit.jupiter.api.AssertionUtils.failNotEqual(AssertionUtils.java:62) at app//org.junit.jupiter.api.AssertEquals.assertEquals(AssertEquals.java:86) at app//org.junit.jupiter.api.AssertEquals.assertEquals(AssertEquals.java:81) at app//org.junit.jupiter.api.Assertions.assertEquals(Assertions.java:1010) at app//blackout.Task3MarkingTests.testMovingDeviceDoubleNegative(Task3MarkingTests.java:217) FAILURE DONE 1 test completed, 1 failed FAILURE: Build failed with an exception. README.md blog.md build build.gradle checkstyle.xml design.pdf designuml.drawio gradle gradlew gradlew.bat src What went wrong: Execution failed for task ':test'. > There were failing tests. See the report at: file:///home/carl/tutoring/23T1/automarking/assignment-i-automarking/students/z5334913/build/reports/tests/test/index.html README.md blog.md build build.gradle checkstyle.xml design.pdf designuml.drawio gradle gradlew gradlew.bat src Try: Run with --stacktrace option to get the stack trace. Run with --info or --debug option to get more log output. Run with --scan to get full insights. README.md blog.md build build.gradle checkstyle.xml design.pdf designuml.drawio gradle gradlew gradlew.bat src Get more help at https://help.gradle.org BUILD FAILED in 1s

Test 3-9: Test overlapping slope drop to inner slope at the end of outer slope
Task3MarkingTests > Test overlapping slope drop to inner slope at the end of outer slope FAILED org.opentest4j.AssertionFailedError: expected: <0.0> but was: <78.15> at app//org.junit.jupiter.api.AssertionUtils.fail(AssertionUtils.java:55) at app//org.junit.jupiter.api.AssertionUtils.failNotEqual(AssertionUtils.java:62) at app//org.junit.jupiter.api.AssertEquals.assertEquals(AssertEquals.java:86) at app//org.junit.jupiter.api.AssertEquals.assertEquals(AssertEquals.java:81) at app//org.junit.jupiter.api.Assertions.assertEquals(Assertions.java:1010) at app//blackout.Task3MarkingTests.testMovingDeviceTwoSlopes(Task3MarkingTests.java:243) FAILURE DONE 1 test completed, 1 failed FAILURE: Build failed with an exception. README.md blog.md build build.gradle checkstyle.xml design.pdf designuml.drawio gradle gradlew gradlew.bat src What went wrong: Execution failed for task ':test'. > There were failing tests. See the report at: file:///home/carl/tutoring/23T1/automarking/assignment-i-automarking/students/z5334913/build/reports/tests/test/index.html README.md blog.md build build.gradle checkstyle.xml design.pdf designuml.drawio gradle gradlew gradlew.bat src Try: Run with --stacktrace option to get the stack trace. Run with --info or --debug option to get more log output. Run with --scan to get full insights. README.md blog.md build build.gradle checkstyle.xml design.pdf designuml.drawio gradle gradlew gradlew.bat src Get more help at https://help.gradle.org BUILD FAILED in 1s

Test 3-10: Testing the basic characteristics of an elephant satellite
Task3MarkingTests > Testing the basic characteristics of an elephant satellite FAILED org.opentest4j.AssertionFailedError: expected: <true> but was: <false> at app//org.junit.jupiter.api.AssertionUtils.fail(AssertionUtils.java:55) at app//org.junit.jupiter.api.AssertTrue.assertTrue(AssertTrue.java:40) at app//org.junit.jupiter.api.AssertTrue.assertTrue(AssertTrue.java:35) at app//org.junit.jupiter.api.Assertions.assertTrue(Assertions.java:179) at app//blackout.TestHelpers.assertListAreEqualIgnoringOrder(TestHelpers.java:14) at app//blackout.Task3MarkingTests.testElephantBasics(Task3MarkingTests.java:259) FAILURE DONE 1 test completed, 1 failed FAILURE: Build failed with an exception. README.md blog.md build build.gradle checkstyle.xml design.pdf designuml.drawio gradle gradlew gradlew.bat src What went wrong: Execution failed for task ':test'. > There were failing tests. See the report at: file:///home/carl/tutoring/23T1/automarking/assignment-i-automarking/students/z5334913/build/reports/tests/test/index.html README.md blog.md build build.gradle checkstyle.xml design.pdf designuml.drawio gradle gradlew gradlew.bat src Try: Run with --stacktrace option to get the stack trace. Run with --info or --debug option to get more log output. Run with --scan to get full insights. README.md blog.md build build.gradle checkstyle.xml design.pdf designuml.drawio gradle gradlew gradlew.bat src Get more help at https://help.gradle.org BUILD FAILED in 1s

Test 3-11: Testing the basic support and range
Task3MarkingTests > Testing the basic support and range FAILED org.opentest4j.AssertionFailedError: expected: <true> but was: <false> at app//org.junit.jupiter.api.AssertionUtils.fail(AssertionUtils.java:55) at app//org.junit.jupiter.api.AssertTrue.assertTrue(AssertTrue.java:40) at app//org.junit.jupiter.api.AssertTrue.assertTrue(AssertTrue.java:35) at app//org.junit.jupiter.api.Assertions.assertTrue(Assertions.java:179) at app//blackout.TestHelpers.assertListAreEqualIgnoringOrder(TestHelpers.java:14) at app//blackout.Task3MarkingTests.testElephantBasics2(Task3MarkingTests.java:276) FAILURE DONE 1 test completed, 1 failed FAILURE: Build failed with an exception. README.md blog.md build build.gradle checkstyle.xml design.pdf designuml.drawio gradle gradlew gradlew.bat src What went wrong: Execution failed for task ':test'. > There were failing tests. See the report at: file:///home/carl/tutoring/23T1/automarking/assignment-i-automarking/students/z5334913/build/reports/tests/test/index.html README.md blog.md build build.gradle checkstyle.xml design.pdf designuml.drawio gradle gradlew gradlew.bat src Try: Run with --stacktrace option to get the stack trace. Run with --info or --debug option to get more log output. Run with --scan to get full insights. README.md blog.md build build.gradle checkstyle.xml design.pdf designuml.drawio gradle gradlew gradlew.bat src Get more help at https://help.gradle.org BUILD FAILED in 1s

Test 3-12: Simple Transient Case; no deletions needed
Task3MarkingTests > Simple Transient Case, no deletions needed FAILED org.opentest4j.AssertionFailedError: Unexpected exception thrown: java.lang.NullPointerException: Cannot invoke "unsw.blackout.Satellite.Satellite.receiving(unsw.blackout.File, unsw.blackout.Devicie.Device, unsw.blackout.Satellite.Satellite)" because "sa" is null at app//org.junit.jupiter.api.AssertDoesNotThrow.createAssertionFailedError(AssertDoesNotThrow.java:83) at app//org.junit.jupiter.api.AssertDoesNotThrow.assertDoesNotThrow(AssertDoesNotThrow.java:54) at app//org.junit.jupiter.api.AssertDoesNotThrow.assertDoesNotThrow(AssertDoesNotThrow.java:37) at app//org.junit.jupiter.api.Assertions.assertDoesNotThrow(Assertions.java:3135) at app//blackout.Task3MarkingTests.testSimpleTransient(Task3MarkingTests.java:303) Caused by: java.lang.NullPointerException: Cannot invoke "unsw.blackout.Satellite.Satellite.receiving(unsw.blackout.File, unsw.blackout.Devicie.Device, unsw.blackout.Satellite.Satellite)" because "sa" is null at unsw.blackout.Devicie.Device.sfile(Device.java:60) at unsw.blackout.BlackoutController.sendFile(BlackoutController.java:290) at blackout.Task3MarkingTests.lambda$testSimpleTransient$1(Task3MarkingTests.java:303) at org.junit.jupiter.api.AssertDoesNotThrow.assertDoesNotThrow(AssertDoesNotThrow.java:50) ... 3 more FAILURE DONE 1 test completed, 1 failed FAILURE: Build failed with an exception. README.md blog.md build build.gradle checkstyle.xml design.pdf designuml.drawio gradle gradlew gradlew.bat src What went wrong: Execution failed for task ':test'. > There were failing tests. See the report at: file:///home/carl/tutoring/23T1/automarking/assignment-i-automarking/students/z5334913/build/reports/tests/test/index.html README.md blog.md build build.gradle checkstyle.xml design.pdf designuml.drawio gradle gradlew gradlew.bat src Try: Run with --stacktrace option to get the stack trace. Run with --info or --debug option to get more log output. Run with --scan to get full insights. README.md blog.md build build.gradle checkstyle.xml design.pdf designuml.drawio gradle gradlew gradlew.bat src Get more help at https://help.gradle.org BUILD FAILED in 1s

Test 3-13: Simple Transient Case with enough space; no deletion
Task3MarkingTests > Simple Transient Case with enough space, no deletion FAILED org.opentest4j.AssertionFailedError: Unexpected exception thrown: java.lang.NullPointerException: Cannot invoke "unsw.blackout.Satellite.Satellite.receiving(unsw.blackout.File, unsw.blackout.Devicie.Device, unsw.blackout.Satellite.Satellite)" because "sa" is null at app//org.junit.jupiter.api.AssertDoesNotThrow.createAssertionFailedError(AssertDoesNotThrow.java:83) at app//org.junit.jupiter.api.AssertDoesNotThrow.assertDoesNotThrow(AssertDoesNotThrow.java:54) at app//org.junit.jupiter.api.AssertDoesNotThrow.assertDoesNotThrow(AssertDoesNotThrow.java:37) at app//org.junit.jupiter.api.Assertions.assertDoesNotThrow(Assertions.java:3135) at app//blackout.Task3MarkingTests.testSimpleTransientNewFile(Task3MarkingTests.java:342) Caused by: java.lang.NullPointerException: Cannot invoke "unsw.blackout.Satellite.Satellite.receiving(unsw.blackout.File, unsw.blackout.Devicie.Device, unsw.blackout.Satellite.Satellite)" because "sa" is null at unsw.blackout.Devicie.Device.sfile(Device.java:60) at unsw.blackout.BlackoutController.sendFile(BlackoutController.java:290) at blackout.Task3MarkingTests.lambda$testSimpleTransientNewFile$2(Task3MarkingTests.java:342) at org.junit.jupiter.api.AssertDoesNotThrow.assertDoesNotThrow(AssertDoesNotThrow.java:50) ... 3 more FAILURE DONE 1 test completed, 1 failed FAILURE: Build failed with an exception. README.md blog.md build build.gradle checkstyle.xml design.pdf designuml.drawio gradle gradlew gradlew.bat src What went wrong: Execution failed for task ':test'. > There were failing tests. See the report at: file:///home/carl/tutoring/23T1/automarking/assignment-i-automarking/students/z5334913/build/reports/tests/test/index.html README.md blog.md build build.gradle checkstyle.xml design.pdf designuml.drawio gradle gradlew gradlew.bat src Try: Run with --stacktrace option to get the stack trace. Run with --info or --debug option to get more log output. Run with --scan to get full insights. README.md blog.md build build.gradle checkstyle.xml design.pdf designuml.drawio gradle gradlew gradlew.bat src Get more help at https://help.gradle.org BUILD FAILED in 1s

Test 3-14: Simple Transient Case; only one deletion
Task3MarkingTests > Simple Transient Case, only one deletion FAILED org.opentest4j.AssertionFailedError: Unexpected exception thrown: java.lang.NullPointerException: Cannot invoke "unsw.blackout.Satellite.Satellite.receiving(unsw.blackout.File, unsw.blackout.Devicie.Device, unsw.blackout.Satellite.Satellite)" because "sa" is null at app//org.junit.jupiter.api.AssertDoesNotThrow.createAssertionFailedError(AssertDoesNotThrow.java:83) at app//org.junit.jupiter.api.AssertDoesNotThrow.assertDoesNotThrow(AssertDoesNotThrow.java:54) at app//org.junit.jupiter.api.AssertDoesNotThrow.assertDoesNotThrow(AssertDoesNotThrow.java:37) at app//org.junit.jupiter.api.Assertions.assertDoesNotThrow(Assertions.java:3135) at app//blackout.Task3MarkingTests.testElephantDeletion(Task3MarkingTests.java:393) Caused by: java.lang.NullPointerException: Cannot invoke "unsw.blackout.Satellite.Satellite.receiving(unsw.blackout.File, unsw.blackout.Devicie.Device, unsw.blackout.Satellite.Satellite)" because "sa" is null at unsw.blackout.Devicie.Device.sfile(Device.java:60) at unsw.blackout.BlackoutController.sendFile(BlackoutController.java:290) at blackout.Task3MarkingTests.lambda$testElephantDeletion$4(Task3MarkingTests.java:393) at org.junit.jupiter.api.AssertDoesNotThrow.assertDoesNotThrow(AssertDoesNotThrow.java:50) ... 3 more FAILURE DONE 1 test completed, 1 failed FAILURE: Build failed with an exception. README.md blog.md build build.gradle checkstyle.xml design.pdf designuml.drawio gradle gradlew gradlew.bat src What went wrong: Execution failed for task ':test'. > There were failing tests. See the report at: file:///home/carl/tutoring/23T1/automarking/assignment-i-automarking/students/z5334913/build/reports/tests/test/index.html README.md blog.md build build.gradle checkstyle.xml design.pdf designuml.drawio gradle gradlew gradlew.bat src Try: Run with --stacktrace option to get the stack trace. Run with --info or --debug option to get more log output. Run with --scan to get full insights. README.md blog.md build build.gradle checkstyle.xml design.pdf designuml.drawio gradle gradlew gradlew.bat src Get more help at https://help.gradle.org BUILD FAILED in 1s

Test 3-15: Transient Case; multiple deletions to finish download (good brute force case)
Task3MarkingTests > Transient Case, multiple deletions to finish download (good brute force case) FAILED org.opentest4j.AssertionFailedError: Unexpected exception thrown: java.lang.NullPointerException: Cannot invoke "unsw.blackout.Satellite.Satellite.receiving(unsw.blackout.File, unsw.blackout.Devicie.Device, unsw.blackout.Satellite.Satellite)" because "sa" is null at app//org.junit.jupiter.api.AssertDoesNotThrow.createAssertionFailedError(AssertDoesNotThrow.java:83) at app//org.junit.jupiter.api.AssertDoesNotThrow.assertDoesNotThrow(AssertDoesNotThrow.java:54) at app//org.junit.jupiter.api.AssertDoesNotThrow.assertDoesNotThrow(AssertDoesNotThrow.java:37) at app//org.junit.jupiter.api.Assertions.assertDoesNotThrow(Assertions.java:3135) at app//blackout.Task3MarkingTests.testElephantCase(Task3MarkingTests.java:457) Caused by: java.lang.NullPointerException: Cannot invoke "unsw.blackout.Satellite.Satellite.receiving(unsw.blackout.File, unsw.blackout.Devicie.Device, unsw.blackout.Satellite.Satellite)" because "sa" is null at unsw.blackout.Devicie.Device.sfile(Device.java:60) at unsw.blackout.BlackoutController.sendFile(BlackoutController.java:290) at blackout.Task3MarkingTests.lambda$testElephantCase$6(Task3MarkingTests.java:457) at org.junit.jupiter.api.AssertDoesNotThrow.assertDoesNotThrow(AssertDoesNotThrow.java:50) ... 3 more FAILURE DONE 1 test completed, 1 failed FAILURE: Build failed with an exception. README.md blog.md build build.gradle checkstyle.xml design.pdf designuml.drawio gradle gradlew gradlew.bat src What went wrong: Execution failed for task ':test'. > There were failing tests. See the report at: file:///home/carl/tutoring/23T1/automarking/assignment-i-automarking/students/z5334913/build/reports/tests/test/index.html README.md blog.md build build.gradle checkstyle.xml design.pdf designuml.drawio gradle gradlew gradlew.bat src Try: Run with --stacktrace option to get the stack trace. Run with --info or --debug option to get more log output. Run with --scan to get full insights. README.md blog.md build build.gradle checkstyle.xml design.pdf designuml.drawio gradle gradlew gradlew.bat src Get more help at https://help.gradle.org BUILD FAILED in 1s

Test 3-16: File transience do not occur for files that are outgoing
Task3MarkingTests > File transience do not occur for files that are outgoing FAILED org.opentest4j.AssertionFailedError: Unexpected exception thrown: java.lang.NullPointerException: Cannot invoke "unsw.blackout.Satellite.Satellite.receiving(unsw.blackout.File, unsw.blackout.Devicie.Device, unsw.blackout.Satellite.Satellite)" because "sa" is null at app//org.junit.jupiter.api.AssertDoesNotThrow.createAssertionFailedError(AssertDoesNotThrow.java:83) at app//org.junit.jupiter.api.AssertDoesNotThrow.assertDoesNotThrow(AssertDoesNotThrow.java:54) at app//org.junit.jupiter.api.AssertDoesNotThrow.assertDoesNotThrow(AssertDoesNotThrow.java:37) at app//org.junit.jupiter.api.Assertions.assertDoesNotThrow(Assertions.java:3135) at app//blackout.Task3MarkingTests.testElephantOut(Task3MarkingTests.java:509) Caused by: java.lang.NullPointerException: Cannot invoke "unsw.blackout.Satellite.Satellite.receiving(unsw.blackout.File, unsw.blackout.Devicie.Device, unsw.blackout.Satellite.Satellite)" because "sa" is null at unsw.blackout.Devicie.Device.sfile(Device.java:60) at unsw.blackout.BlackoutController.sendFile(BlackoutController.java:290) at blackout.Task3MarkingTests.lambda$testElephantOut$10(Task3MarkingTests.java:509) at org.junit.jupiter.api.AssertDoesNotThrow.assertDoesNotThrow(AssertDoesNotThrow.java:50) ... 3 more FAILURE DONE 1 test completed, 1 failed FAILURE: Build failed with an exception. README.md blog.md build build.gradle checkstyle.xml design.pdf designuml.drawio gradle gradlew gradlew.bat src What went wrong: Execution failed for task ':test'. > There were failing tests. See the report at: file:///home/carl/tutoring/23T1/automarking/assignment-i-automarking/students/z5334913/build/reports/tests/test/index.html README.md blog.md build build.gradle checkstyle.xml design.pdf designuml.drawio gradle gradlew gradlew.bat src Try: Run with --stacktrace option to get the stack trace. Run with --info or --debug option to get more log output. Run with --scan to get full insights. README.md blog.md build build.gradle checkstyle.xml design.pdf designuml.drawio gradle gradlew gradlew.bat src Get more help at https://help.gradle.org BUILD FAILED in 1s

Test 3-17: Simple KnapSack test case
Task3MarkingTests > Simple KnapSack test case, weight = [15,20,25,10], value = [10,15,20,05], remove file 2 and 4 FAILED org.opentest4j.AssertionFailedError: Unexpected exception thrown: java.lang.NullPointerException: Cannot invoke "unsw.blackout.Satellite.Satellite.receiving(unsw.blackout.File, unsw.blackout.Devicie.Device, unsw.blackout.Satellite.Satellite)" because "sa" is null at app//org.junit.jupiter.api.AssertDoesNotThrow.createAssertionFailedError(AssertDoesNotThrow.java:83) at app//org.junit.jupiter.api.AssertDoesNotThrow.assertDoesNotThrow(AssertDoesNotThrow.java:54) at app//org.junit.jupiter.api.AssertDoesNotThrow.assertDoesNotThrow(AssertDoesNotThrow.java:37) at app//org.junit.jupiter.api.Assertions.assertDoesNotThrow(Assertions.java:3135) at app//blackout.Task3MarkingTests.testKnapSack(Task3MarkingTests.java:558) Caused by: java.lang.NullPointerException: Cannot invoke "unsw.blackout.Satellite.Satellite.receiving(unsw.blackout.File, unsw.blackout.Devicie.Device, unsw.blackout.Satellite.Satellite)" because "sa" is null at unsw.blackout.Devicie.Device.sfile(Device.java:60) at unsw.blackout.BlackoutController.sendFile(BlackoutController.java:290) at blackout.Task3MarkingTests.lambda$testKnapSack$12(Task3MarkingTests.java:558) at org.junit.jupiter.api.AssertDoesNotThrow.assertDoesNotThrow(AssertDoesNotThrow.java:50) ... 3 more FAILURE DONE 1 test completed, 1 failed FAILURE: Build failed with an exception. README.md blog.md build build.gradle checkstyle.xml design.pdf designuml.drawio gradle gradlew gradlew.bat src What went wrong: Execution failed for task ':test'. > There were failing tests. See the report at: file:///home/carl/tutoring/23T1/automarking/assignment-i-automarking/students/z5334913/build/reports/tests/test/index.html README.md blog.md build build.gradle checkstyle.xml design.pdf designuml.drawio gradle gradlew gradlew.bat src Try: Run with --stacktrace option to get the stack trace. Run with --info or --debug option to get more log output. Run with --scan to get full insights. README.md blog.md build build.gradle checkstyle.xml design.pdf designuml.drawio gradle gradlew gradlew.bat src Get more help at https://help.gradle.org BUILD FAILED in 1s

Test 3-18: Second Simple KnapSack test case
Task3MarkingTests > Simple KnapSack test case, weight = [7,13,17,20,23], value = [4,8,12,16,20], remove file 1,2 and 4 FAILED org.opentest4j.AssertionFailedError: Unexpected exception thrown: java.lang.NullPointerException: Cannot invoke "unsw.blackout.Satellite.Satellite.receiving(unsw.blackout.File, unsw.blackout.Devicie.Device, unsw.blackout.Satellite.Satellite)" because "sa" is null at app//org.junit.jupiter.api.AssertDoesNotThrow.createAssertionFailedError(AssertDoesNotThrow.java:83) at app//org.junit.jupiter.api.AssertDoesNotThrow.assertDoesNotThrow(AssertDoesNotThrow.java:54) at app//org.junit.jupiter.api.AssertDoesNotThrow.assertDoesNotThrow(AssertDoesNotThrow.java:37) at app//org.junit.jupiter.api.Assertions.assertDoesNotThrow(Assertions.java:3135) at app//blackout.Task3MarkingTests.testKnapSack2(Task3MarkingTests.java:662) Caused by: java.lang.NullPointerException: Cannot invoke "unsw.blackout.Satellite.Satellite.receiving(unsw.blackout.File, unsw.blackout.Devicie.Device, unsw.blackout.Satellite.Satellite)" because "sa" is null at unsw.blackout.Devicie.Device.sfile(Device.java:60) at unsw.blackout.BlackoutController.sendFile(BlackoutController.java:290) at blackout.Task3MarkingTests.lambda$testKnapSack2$23(Task3MarkingTests.java:662) at org.junit.jupiter.api.AssertDoesNotThrow.assertDoesNotThrow(AssertDoesNotThrow.java:50) ... 3 more FAILURE DONE 1 test completed, 1 failed FAILURE: Build failed with an exception. README.md blog.md build build.gradle checkstyle.xml design.pdf designuml.drawio gradle gradlew gradlew.bat src What went wrong: Execution failed for task ':test'. > There were failing tests. See the report at: file:///home/carl/tutoring/23T1/automarking/assignment-i-automarking/students/z5334913/build/reports/tests/test/index.html README.md blog.md build build.gradle checkstyle.xml design.pdf designuml.drawio gradle gradlew gradlew.bat src Try: Run with --stacktrace option to get the stack trace. Run with --info or --debug option to get more log output. Run with --scan to get full insights. README.md blog.md build build.gradle checkstyle.xml design.pdf designuml.drawio gradle gradlew gradlew.bat src Get more help at https://help.gradle.org BUILD FAILED in 1s

esult = 0
